[11/15/18, 02:23:06:268] info: ╔════════════════════════════════════════════════════════════════════════════════════╗
[11/15/18, 02:23:06:269] info: ║      Slack 3.3.3, linux 4.18.16-arch1-1-ARCH on x64 at 11/15/18, 02:23:06:265      ║
[11/15/18, 02:23:06:269] info: ╚════════════════════════════════════════════════════════════════════════════════════╝
[11/15/18, 02:23:06:407] info: Initializing local storage instance at path: /home/yonathan/.config/Slack/local-settings.json
[11/15/18, 02:23:06:563] info: NetworkStatus: Waiting for network online…
[11/15/18, 02:23:06:737] info: Store: BACKGROUND_CLIENTS_INITIALIZED
[11/15/18, 02:23:06:747] info: Store: BACKGROUND_CLIENTS_INITIALIZED true
[11/15/18, 02:23:06:852] info: NetworkStatus: Response from api.test
{
  "status": "online"
}
[11/15/18, 02:23:07:257] info: Store: SET_NETWORK_STATUS online
[11/15/18, 02:23:07:261] info: Store: MAIN_WINDOW_SHOWN
[11/15/18, 02:23:07:290] info: Store: ADD_WINDOW
{
  "id": 3,
  "type": "sign-in"
}
[11/15/18, 02:23:10:593] info: Store: SIGN_IN_CANCELED
[11/15/18, 02:23:10:596] info: Store: QUIT_APP
[11/15/18, 02:23:10:610] info: Store: REMOVE_WINDOW 3
[11/15/18, 02:23:10:651] info: Store: REMOVE_WINDOW 2
[11/15/18, 02:23:10:664] info: Store: QUIT_APP
[11/19/18, 19:47:19:030] info: ╔════════════════════════════════════════════════════════════════════════════════════╗
[11/19/18, 19:47:19:031] info: ║      Slack 3.3.3, linux 4.18.16-arch1-1-ARCH on x64 at 11/19/18, 19:47:19:028      ║
[11/19/18, 19:47:19:031] info: ╚════════════════════════════════════════════════════════════════════════════════════╝
[11/19/18, 19:47:19:153] info: Initializing local storage instance at path: /home/yonathan/.config/Slack/local-settings.json
[11/19/18, 19:47:19:286] info: NetworkStatus: Waiting for network online…
[11/19/18, 19:47:19:484] info: Store: BACKGROUND_CLIENTS_INITIALIZED
[11/19/18, 19:47:19:488] info: Store: BACKGROUND_CLIENTS_INITIALIZED true
[11/19/18, 19:47:19:714] info: NetworkStatus: Response from api.test
{
  "status": "online"
}
[11/19/18, 19:47:20:117] info: Store: SET_NETWORK_STATUS online
[11/19/18, 19:47:20:118] info: Store: MAIN_WINDOW_SHOWN
[11/19/18, 19:47:20:134] info: Store: ADD_WINDOW
{
  "id": 3,
  "type": "sign-in"
}
[11/19/18, 19:48:25:893] info: Store: SIGN_IN_CANCELED
[11/19/18, 19:48:25:896] info: Store: QUIT_APP
[11/19/18, 19:48:25:904] info: Store: REMOVE_WINDOW 3
[11/19/18, 19:48:25:938] info: Store: REMOVE_WINDOW 2
[11/19/18, 19:48:25:952] info: Store: QUIT_APP
[11/19/18, 19:48:25:971] info: Store: QUIT_APP
